<?xml version="1.0" encoding="UTF-8"?>
<testng-results ignored="0" total="31" passed="19" failed="12" skipped="0">
  <reporter-output>
  </reporter-output>
  <suite started-at="2025-04-22T15:55:49 IST" name="Suite" finished-at="2025-04-22T15:58:15 IST" duration-ms="146099">
    <groups>
      <group name="Sanity">
        <method signature="OpportunitiesPageTest.testGetHeaderTitleText()[pri:1, instance:testBase.OpportunitiesPageTest@6892b3b6]" name="testGetHeaderTitleText" class="testBase.OpportunitiesPageTest"/>
        <method signature="OpportunitiesPageTest.testGetBreadcrumbItemText()[pri:2, instance:testBase.OpportunitiesPageTest@6892b3b6]" name="testGetBreadcrumbItemText" class="testBase.OpportunitiesPageTest"/>
        <method signature="OpportunitiesPageTest.testClickCreateOpportunityButton()[pri:3, instance:testBase.OpportunitiesPageTest@6892b3b6]" name="testClickCreateOpportunityButton" class="testBase.OpportunitiesPageTest"/>
        <method signature="OpportunitiesPageTest.testClickBreadcrumbOpportunities()[pri:4, instance:testBase.OpportunitiesPageTest@6892b3b6]" name="testClickBreadcrumbOpportunities" class="testBase.OpportunitiesPageTest"/>
        <method signature="OpportunitiesPageTest.testIsBreadcrumbCreateDisplayed()[pri:5, instance:testBase.OpportunitiesPageTest@6892b3b6]" name="testIsBreadcrumbCreateDisplayed" class="testBase.OpportunitiesPageTest"/>
        <method signature="OpportunitiesPageTest.testEnterOpportunityName()[pri:6, instance:testBase.OpportunitiesPageTest@6892b3b6]" name="testEnterOpportunityName" class="testBase.OpportunitiesPageTest"/>
        <method signature="OpportunitiesPageTest.testEnterAccountName()[pri:7, instance:testBase.OpportunitiesPageTest@6892b3b6]" name="testEnterAccountName" class="testBase.OpportunitiesPageTest"/>
        <method signature="OpportunitiesPageTest.testClickAccountSelectButton()[pri:8, instance:testBase.OpportunitiesPageTest@6892b3b6]" name="testClickAccountSelectButton" class="testBase.OpportunitiesPageTest"/>
        <method signature="OpportunitiesPageTest.testClickAccountClearButton()[pri:9, instance:testBase.OpportunitiesPageTest@6892b3b6]" name="testClickAccountClearButton" class="testBase.OpportunitiesPageTest"/>
        <method signature="OpportunitiesPageTest.testSelectStage()[pri:10, instance:testBase.OpportunitiesPageTest@6892b3b6]" name="testSelectStage" class="testBase.OpportunitiesPageTest"/>
        <method signature="OpportunitiesPageTest.testEnterAmount()[pri:11, instance:testBase.OpportunitiesPageTest@6892b3b6]" name="testEnterAmount" class="testBase.OpportunitiesPageTest"/>
        <method signature="OpportunitiesPageTest.testSelectAmountCurrency()[pri:12, instance:testBase.OpportunitiesPageTest@6892b3b6]" name="testSelectAmountCurrency" class="testBase.OpportunitiesPageTest"/>
        <method signature="OpportunitiesPageTest.testEnterProbability()[pri:13, instance:testBase.OpportunitiesPageTest@6892b3b6]" name="testEnterProbability" class="testBase.OpportunitiesPageTest"/>
        <method signature="OpportunitiesPageTest.testEnterCloseDate()[pri:14, instance:testBase.OpportunitiesPageTest@6892b3b6]" name="testEnterCloseDate" class="testBase.OpportunitiesPageTest"/>
        <method signature="OpportunitiesPageTest.testClickCloseDatePicker()[pri:15, instance:testBase.OpportunitiesPageTest@6892b3b6]" name="testClickCloseDatePicker" class="testBase.OpportunitiesPageTest"/>
        <method signature="OpportunitiesPageTest.testEnterContacts()[pri:16, instance:testBase.OpportunitiesPageTest@6892b3b6]" name="testEnterContacts" class="testBase.OpportunitiesPageTest"/>
        <method signature="OpportunitiesPageTest.testSelectLeadSource()[pri:17, instance:testBase.OpportunitiesPageTest@6892b3b6]" name="testSelectLeadSource" class="testBase.OpportunitiesPageTest"/>
        <method signature="OpportunitiesPageTest.testEnterDescription()[pri:18, instance:testBase.OpportunitiesPageTest@6892b3b6]" name="testEnterDescription" class="testBase.OpportunitiesPageTest"/>
        <method signature="OpportunitiesPageTest.testClickAddItemButton()[pri:19, instance:testBase.OpportunitiesPageTest@6892b3b6]" name="testClickAddItemButton" class="testBase.OpportunitiesPageTest"/>
        <method signature="OpportunitiesPageTest.testClickAddProductsMenuItem()[pri:20, instance:testBase.OpportunitiesPageTest@6892b3b6]" name="testClickAddProductsMenuItem" class="testBase.OpportunitiesPageTest"/>
        <method signature="OpportunitiesPageTest.testSelectItemsCurrency()[pri:21, instance:testBase.OpportunitiesPageTest@6892b3b6]" name="testSelectItemsCurrency" class="testBase.OpportunitiesPageTest"/>
        <method signature="OpportunitiesPageTest.testEnterAssignedUserName()[pri:22, instance:testBase.OpportunitiesPageTest@6892b3b6]" name="testEnterAssignedUserName" class="testBase.OpportunitiesPageTest"/>
        <method signature="OpportunitiesPageTest.testClickAssignedUserSelectButton()[pri:23, instance:testBase.OpportunitiesPageTest@6892b3b6]" name="testClickAssignedUserSelectButton" class="testBase.OpportunitiesPageTest"/>
        <method signature="OpportunitiesPageTest.testClickAssignedUserClearButton()[pri:24, instance:testBase.OpportunitiesPageTest@6892b3b6]" name="testClickAssignedUserClearButton" class="testBase.OpportunitiesPageTest"/>
        <method signature="OpportunitiesPageTest.testEnterTeamName()[pri:25, instance:testBase.OpportunitiesPageTest@6892b3b6]" name="testEnterTeamName" class="testBase.OpportunitiesPageTest"/>
        <method signature="OpportunitiesPageTest.testClickTeamsSelectButton()[pri:26, instance:testBase.OpportunitiesPageTest@6892b3b6]" name="testClickTeamsSelectButton" class="testBase.OpportunitiesPageTest"/>
        <method signature="OpportunitiesPageTest.testClickSaveButton()[pri:27, instance:testBase.OpportunitiesPageTest@6892b3b6]" name="testClickSaveButton" class="testBase.OpportunitiesPageTest"/>
        <method signature="OpportunitiesPageTest.testClickCancelButton()[pri:28, instance:testBase.OpportunitiesPageTest@6892b3b6]" name="testClickCancelButton" class="testBase.OpportunitiesPageTest"/>
        <method signature="OpportunitiesPageTest.testClickSaveAndContinueEditing()[pri:29, instance:testBase.OpportunitiesPageTest@6892b3b6]" name="testClickSaveAndContinueEditing" class="testBase.OpportunitiesPageTest"/>
        <method signature="OpportunitiesPageTest.testClickSaveAndNew()[pri:30, instance:testBase.OpportunitiesPageTest@6892b3b6]" name="testClickSaveAndNew" class="testBase.OpportunitiesPageTest"/>
      </group> <!-- Sanity -->
      <group name="OpportunitiesCreate">
        <method signature="OpportunitiesPageTest.testGetHeaderTitleText()[pri:1, instance:testBase.OpportunitiesPageTest@6892b3b6]" name="testGetHeaderTitleText" class="testBase.OpportunitiesPageTest"/>
        <method signature="OpportunitiesPageTest.testGetBreadcrumbItemText()[pri:2, instance:testBase.OpportunitiesPageTest@6892b3b6]" name="testGetBreadcrumbItemText" class="testBase.OpportunitiesPageTest"/>
        <method signature="OpportunitiesPageTest.testClickCreateOpportunityButton()[pri:3, instance:testBase.OpportunitiesPageTest@6892b3b6]" name="testClickCreateOpportunityButton" class="testBase.OpportunitiesPageTest"/>
        <method signature="OpportunitiesPageTest.testClickBreadcrumbOpportunities()[pri:4, instance:testBase.OpportunitiesPageTest@6892b3b6]" name="testClickBreadcrumbOpportunities" class="testBase.OpportunitiesPageTest"/>
        <method signature="OpportunitiesPageTest.testIsBreadcrumbCreateDisplayed()[pri:5, instance:testBase.OpportunitiesPageTest@6892b3b6]" name="testIsBreadcrumbCreateDisplayed" class="testBase.OpportunitiesPageTest"/>
        <method signature="OpportunitiesPageTest.testEnterOpportunityName()[pri:6, instance:testBase.OpportunitiesPageTest@6892b3b6]" name="testEnterOpportunityName" class="testBase.OpportunitiesPageTest"/>
        <method signature="OpportunitiesPageTest.testEnterAccountName()[pri:7, instance:testBase.OpportunitiesPageTest@6892b3b6]" name="testEnterAccountName" class="testBase.OpportunitiesPageTest"/>
        <method signature="OpportunitiesPageTest.testClickAccountSelectButton()[pri:8, instance:testBase.OpportunitiesPageTest@6892b3b6]" name="testClickAccountSelectButton" class="testBase.OpportunitiesPageTest"/>
        <method signature="OpportunitiesPageTest.testClickAccountClearButton()[pri:9, instance:testBase.OpportunitiesPageTest@6892b3b6]" name="testClickAccountClearButton" class="testBase.OpportunitiesPageTest"/>
        <method signature="OpportunitiesPageTest.testSelectStage()[pri:10, instance:testBase.OpportunitiesPageTest@6892b3b6]" name="testSelectStage" class="testBase.OpportunitiesPageTest"/>
        <method signature="OpportunitiesPageTest.testEnterAmount()[pri:11, instance:testBase.OpportunitiesPageTest@6892b3b6]" name="testEnterAmount" class="testBase.OpportunitiesPageTest"/>
        <method signature="OpportunitiesPageTest.testSelectAmountCurrency()[pri:12, instance:testBase.OpportunitiesPageTest@6892b3b6]" name="testSelectAmountCurrency" class="testBase.OpportunitiesPageTest"/>
        <method signature="OpportunitiesPageTest.testEnterProbability()[pri:13, instance:testBase.OpportunitiesPageTest@6892b3b6]" name="testEnterProbability" class="testBase.OpportunitiesPageTest"/>
        <method signature="OpportunitiesPageTest.testEnterCloseDate()[pri:14, instance:testBase.OpportunitiesPageTest@6892b3b6]" name="testEnterCloseDate" class="testBase.OpportunitiesPageTest"/>
        <method signature="OpportunitiesPageTest.testClickCloseDatePicker()[pri:15, instance:testBase.OpportunitiesPageTest@6892b3b6]" name="testClickCloseDatePicker" class="testBase.OpportunitiesPageTest"/>
        <method signature="OpportunitiesPageTest.testEnterContacts()[pri:16, instance:testBase.OpportunitiesPageTest@6892b3b6]" name="testEnterContacts" class="testBase.OpportunitiesPageTest"/>
        <method signature="OpportunitiesPageTest.testSelectLeadSource()[pri:17, instance:testBase.OpportunitiesPageTest@6892b3b6]" name="testSelectLeadSource" class="testBase.OpportunitiesPageTest"/>
        <method signature="OpportunitiesPageTest.testEnterDescription()[pri:18, instance:testBase.OpportunitiesPageTest@6892b3b6]" name="testEnterDescription" class="testBase.OpportunitiesPageTest"/>
        <method signature="OpportunitiesPageTest.testClickAddItemButton()[pri:19, instance:testBase.OpportunitiesPageTest@6892b3b6]" name="testClickAddItemButton" class="testBase.OpportunitiesPageTest"/>
        <method signature="OpportunitiesPageTest.testClickAddProductsMenuItem()[pri:20, instance:testBase.OpportunitiesPageTest@6892b3b6]" name="testClickAddProductsMenuItem" class="testBase.OpportunitiesPageTest"/>
        <method signature="OpportunitiesPageTest.testSelectItemsCurrency()[pri:21, instance:testBase.OpportunitiesPageTest@6892b3b6]" name="testSelectItemsCurrency" class="testBase.OpportunitiesPageTest"/>
        <method signature="OpportunitiesPageTest.testEnterAssignedUserName()[pri:22, instance:testBase.OpportunitiesPageTest@6892b3b6]" name="testEnterAssignedUserName" class="testBase.OpportunitiesPageTest"/>
        <method signature="OpportunitiesPageTest.testClickAssignedUserSelectButton()[pri:23, instance:testBase.OpportunitiesPageTest@6892b3b6]" name="testClickAssignedUserSelectButton" class="testBase.OpportunitiesPageTest"/>
        <method signature="OpportunitiesPageTest.testClickAssignedUserClearButton()[pri:24, instance:testBase.OpportunitiesPageTest@6892b3b6]" name="testClickAssignedUserClearButton" class="testBase.OpportunitiesPageTest"/>
        <method signature="OpportunitiesPageTest.testEnterTeamName()[pri:25, instance:testBase.OpportunitiesPageTest@6892b3b6]" name="testEnterTeamName" class="testBase.OpportunitiesPageTest"/>
        <method signature="OpportunitiesPageTest.testClickTeamsSelectButton()[pri:26, instance:testBase.OpportunitiesPageTest@6892b3b6]" name="testClickTeamsSelectButton" class="testBase.OpportunitiesPageTest"/>
        <method signature="OpportunitiesPageTest.testClickSaveButton()[pri:27, instance:testBase.OpportunitiesPageTest@6892b3b6]" name="testClickSaveButton" class="testBase.OpportunitiesPageTest"/>
        <method signature="OpportunitiesPageTest.testClickCancelButton()[pri:28, instance:testBase.OpportunitiesPageTest@6892b3b6]" name="testClickCancelButton" class="testBase.OpportunitiesPageTest"/>
        <method signature="OpportunitiesPageTest.testClickSaveAndContinueEditing()[pri:29, instance:testBase.OpportunitiesPageTest@6892b3b6]" name="testClickSaveAndContinueEditing" class="testBase.OpportunitiesPageTest"/>
        <method signature="OpportunitiesPageTest.testClickSaveAndNew()[pri:30, instance:testBase.OpportunitiesPageTest@6892b3b6]" name="testClickSaveAndNew" class="testBase.OpportunitiesPageTest"/>
      </group> <!-- OpportunitiesCreate -->
    </groups>
    <test started-at="2025-04-22T15:55:49 IST" name="Test" finished-at="2025-04-22T15:58:15 IST" duration-ms="146099">
      <class name="testBase.OpportunitiesPageTest">
        <test-method signature="testGetHeaderTitleText()[pri:1, instance:testBase.OpportunitiesPageTest@6892b3b6]" started-at="2025-04-22T15:56:07 IST" name="testGetHeaderTitleText" finished-at="2025-04-22T15:56:08 IST" duration-ms="850" status="PASS">
          <reporter-output>
          </reporter-output>
        </test-method> <!-- testGetHeaderTitleText -->
        <test-method signature="testGetBreadcrumbItemText()[pri:2, instance:testBase.OpportunitiesPageTest@6892b3b6]" started-at="2025-04-22T15:56:08 IST" name="testGetBreadcrumbItemText" finished-at="2025-04-22T15:56:08 IST" duration-ms="108" status="PASS">
          <reporter-output>
          </reporter-output>
        </test-method> <!-- testGetBreadcrumbItemText -->
        <test-method signature="testClickCreateOpportunityButton()[pri:3, instance:testBase.OpportunitiesPageTest@6892b3b6]" started-at="2025-04-22T15:56:08 IST" name="testClickCreateOpportunityButton" finished-at="2025-04-22T15:56:09 IST" duration-ms="317" status="PASS">
          <reporter-output>
          </reporter-output>
        </test-method> <!-- testClickCreateOpportunityButton -->
        <test-method signature="testClickBreadcrumbOpportunities()[pri:4, instance:testBase.OpportunitiesPageTest@6892b3b6]" started-at="2025-04-22T15:56:09 IST" name="testClickBreadcrumbOpportunities" finished-at="2025-04-22T15:56:12 IST" duration-ms="3490" status="PASS">
          <reporter-output>
          </reporter-output>
        </test-method> <!-- testClickBreadcrumbOpportunities -->
        <test-method signature="testIsBreadcrumbCreateDisplayed()[pri:5, instance:testBase.OpportunitiesPageTest@6892b3b6]" started-at="2025-04-22T15:56:12 IST" name="testIsBreadcrumbCreateDisplayed" finished-at="2025-04-22T15:56:27 IST" duration-ms="15114" status="FAIL">
          <exception class="org.openqa.selenium.NoSuchElementException">
            <message>
              <![CDATA[no such element: Unable to locate element: {"method":"xpath","selector":"//div[@class='breadcrumb-item']/span[text()='create']"}
  (Session info: chrome=135.0.7049.96)
For documentation on this error, please visit: https://www.selenium.dev/documentation/webdriver/troubleshooting/errors#no-such-element-exception
Build info: version: '4.31.0', revision: '1ef9f18787*'
System info: os.name: 'Windows 10', os.arch: 'amd64', os.version: '10.0', java.version: '23.0.1'
Driver info: org.openqa.selenium.chrome.ChromeDriver
Command: [e5aa8d8bbfbb13555d843736f0fd63b3, findElement {using=xpath, value=//div[@class='breadcrumb-item']/span[text()='create']}]
Capabilities {acceptInsecureCerts: false, browserName: chrome, browserVersion: 135.0.7049.96, chrome: {chromedriverVersion: 135.0.7049.95 (de2eb485a195..., userDataDir: C:\Users\xmedia\AppData\Loc...}, fedcm:accounts: true, goog:chromeOptions: {debuggerAddress: localhost:65405}, networkConnectionEnabled: false, pageLoadStrategy: normal, platformName: windows, proxy: Proxy(), se:cdp: ws://localhost:65405/devtoo..., se:cdpVersion: 135.0.7049.96, setWindowRect: true, strictFileInteractability: false, timeouts: {implicit: 0, pageLoad: 300000, script: 30000}, unhandledPromptBehavior: dismiss and notify, webauthn:extension:credBlob: true, webauthn:extension:largeBlob: true, webauthn:extension:minPinLength: true, webauthn:extension:prf: true, webauthn:virtualAuthenticators: true}
Session ID: e5aa8d8bbfbb13555d843736f0fd63b3]]>
            </message>
            <full-stacktrace>
              <![CDATA[org.openqa.selenium.NoSuchElementException: no such element: Unable to locate element: {"method":"xpath","selector":"//div[@class='breadcrumb-item']/span[text()='create']"}
  (Session info: chrome=135.0.7049.96)
For documentation on this error, please visit: https://www.selenium.dev/documentation/webdriver/troubleshooting/errors#no-such-element-exception
Build info: version: '4.31.0', revision: '1ef9f18787*'
System info: os.name: 'Windows 10', os.arch: 'amd64', os.version: '10.0', java.version: '23.0.1'
Driver info: org.openqa.selenium.chrome.ChromeDriver
Command: [e5aa8d8bbfbb13555d843736f0fd63b3, findElement {using=xpath, value=//div[@class='breadcrumb-item']/span[text()='create']}]
Capabilities {acceptInsecureCerts: false, browserName: chrome, browserVersion: 135.0.7049.96, chrome: {chromedriverVersion: 135.0.7049.95 (de2eb485a195..., userDataDir: C:\Users\xmedia\AppData\Loc...}, fedcm:accounts: true, goog:chromeOptions: {debuggerAddress: localhost:65405}, networkConnectionEnabled: false, pageLoadStrategy: normal, platformName: windows, proxy: Proxy(), se:cdp: ws://localhost:65405/devtoo..., se:cdpVersion: 135.0.7049.96, setWindowRect: true, strictFileInteractability: false, timeouts: {implicit: 0, pageLoad: 300000, script: 30000}, unhandledPromptBehavior: dismiss and notify, webauthn:extension:credBlob: true, webauthn:extension:largeBlob: true, webauthn:extension:minPinLength: true, webauthn:extension:prf: true, webauthn:virtualAuthenticators: true}
Session ID: e5aa8d8bbfbb13555d843736f0fd63b3
at java.base/jdk.internal.reflect.DirectConstructorHandleAccessor.newInstance(DirectConstructorHandleAccessor.java:62)
at java.base/java.lang.reflect.Constructor.newInstanceWithCaller(Constructor.java:501)
at java.base/java.lang.reflect.Constructor.newInstance(Constructor.java:485)
at org.openqa.selenium.remote.ErrorCodec.decode(ErrorCodec.java:167)
at org.openqa.selenium.remote.codec.w3c.W3CHttpResponseCodec.decode(W3CHttpResponseCodec.java:138)
at org.openqa.selenium.remote.codec.w3c.W3CHttpResponseCodec.decode(W3CHttpResponseCodec.java:50)
at org.openqa.selenium.remote.HttpCommandExecutor.execute(HttpCommandExecutor.java:215)
at org.openqa.selenium.remote.service.DriverCommandExecutor.invokeExecute(DriverCommandExecutor.java:216)
at org.openqa.selenium.remote.service.DriverCommandExecutor.execute(DriverCommandExecutor.java:174)
at org.openqa.selenium.remote.RemoteWebDriver.execute(RemoteWebDriver.java:545)
at org.openqa.selenium.remote.ElementLocation$ElementFinder$2.findElement(ElementLocation.java:165)
at org.openqa.selenium.remote.ElementLocation.findElement(ElementLocation.java:59)
at org.openqa.selenium.remote.RemoteWebDriver.findElement(RemoteWebDriver.java:368)
at org.openqa.selenium.remote.RemoteWebDriver.findElement(RemoteWebDriver.java:362)
at pageObjectClass.OpportunitiesPageLocators.isBreadcrumbCreateDisplayed(OpportunitiesPageLocators.java:132)
at testBase.OpportunitiesPageTest.testIsBreadcrumbCreateDisplayed(OpportunitiesPageTest.java:45)
at java.base/jdk.internal.reflect.DirectMethodHandleAccessor.invoke(DirectMethodHandleAccessor.java:103)
at java.base/java.lang.reflect.Method.invoke(Method.java:580)
at org.testng.internal.invokers.MethodInvocationHelper.invokeMethod(MethodInvocationHelper.java:141)
at org.testng.internal.invokers.TestInvoker.invokeMethod(TestInvoker.java:687)
at org.testng.internal.invokers.TestInvoker.invokeTestMethod(TestInvoker.java:230)
at org.testng.internal.invokers.MethodRunner.runInSequence(MethodRunner.java:63)
at org.testng.internal.invokers.TestInvoker$MethodInvocationAgent.invoke(TestInvoker.java:995)
at org.testng.internal.invokers.TestInvoker.invokeTestMethods(TestInvoker.java:203)
at org.testng.internal.invokers.TestMethodWorker.invokeTestMethods(TestMethodWorker.java:154)
at org.testng.internal.invokers.TestMethodWorker.run(TestMethodWorker.java:134)
at java.base/java.util.ArrayList.forEach(ArrayList.java:1597)
at org.testng.TestRunner.privateRun(TestRunner.java:741)
at org.testng.TestRunner.run(TestRunner.java:616)
at org.testng.SuiteRunner.runTest(SuiteRunner.java:421)
at org.testng.SuiteRunner.runSequentially(SuiteRunner.java:413)
at org.testng.SuiteRunner.privateRun(SuiteRunner.java:373)
at org.testng.SuiteRunner.run(SuiteRunner.java:312)
at org.testng.SuiteRunnerWorker.runSuite(SuiteRunnerWorker.java:52)
at org.testng.SuiteRunnerWorker.run(SuiteRunnerWorker.java:95)
at org.testng.TestNG.runSuitesSequentially(TestNG.java:1274)
at org.testng.TestNG.runSuitesLocally(TestNG.java:1208)
at org.testng.TestNG.runSuites(TestNG.java:1112)
at org.testng.TestNG.run(TestNG.java:1079)
at org.testng.remote.AbstractRemoteTestNG.run(AbstractRemoteTestNG.java:115)
at org.testng.remote.RemoteTestNG.initAndRun(RemoteTestNG.java:293)
at org.testng.remote.RemoteTestNG.main(RemoteTestNG.java:91)
]]>
            </full-stacktrace>
          </exception> <!-- org.openqa.selenium.NoSuchElementException -->
          <reporter-output>
          </reporter-output>
        </test-method> <!-- testIsBreadcrumbCreateDisplayed -->
        <test-method signature="testEnterOpportunityName()[pri:6, instance:testBase.OpportunitiesPageTest@6892b3b6]" started-at="2025-04-22T15:56:27 IST" name="testEnterOpportunityName" finished-at="2025-04-22T15:56:33 IST" duration-ms="5538" status="PASS">
          <reporter-output>
          </reporter-output>
        </test-method> <!-- testEnterOpportunityName -->
        <test-method signature="testEnterAccountName()[pri:7, instance:testBase.OpportunitiesPageTest@6892b3b6]" started-at="2025-04-22T15:56:33 IST" name="testEnterAccountName" finished-at="2025-04-22T15:56:33 IST" duration-ms="255" status="PASS">
          <reporter-output>
          </reporter-output>
        </test-method> <!-- testEnterAccountName -->
        <test-method signature="testClickAccountSelectButton()[pri:8, instance:testBase.OpportunitiesPageTest@6892b3b6]" started-at="2025-04-22T15:56:33 IST" name="testClickAccountSelectButton" finished-at="2025-04-22T15:56:34 IST" duration-ms="226" status="PASS">
          <reporter-output>
          </reporter-output>
        </test-method> <!-- testClickAccountSelectButton -->
        <test-method signature="testClickAccountClearButton()[pri:9, instance:testBase.OpportunitiesPageTest@6892b3b6]" started-at="2025-04-22T15:56:34 IST" name="testClickAccountClearButton" finished-at="2025-04-22T15:56:34 IST" duration-ms="210" status="PASS">
          <reporter-output>
          </reporter-output>
        </test-method> <!-- testClickAccountClearButton -->
        <test-method signature="testSelectStage()[pri:10, instance:testBase.OpportunitiesPageTest@6892b3b6]" started-at="2025-04-22T15:56:34 IST" name="testSelectStage" finished-at="2025-04-22T15:56:49 IST" duration-ms="15200" status="FAIL">
          <exception class="org.openqa.selenium.NoSuchElementException">
            <message>
              <![CDATA[Cannot locate option with text: Qualification
For documentation on this error, please visit: https://www.selenium.dev/documentation/webdriver/troubleshooting/errors#no-such-element-exception
Build info: version: '4.31.0', revision: '1ef9f18787*'
System info: os.name: 'Windows 10', os.arch: 'amd64', os.version: '10.0', java.version: '23.0.1'
Driver info: driver.version: unknown]]>
            </message>
            <full-stacktrace>
              <![CDATA[org.openqa.selenium.NoSuchElementException: Cannot locate option with text: Qualification
For documentation on this error, please visit: https://www.selenium.dev/documentation/webdriver/troubleshooting/errors#no-such-element-exception
Build info: version: '4.31.0', revision: '1ef9f18787*'
System info: os.name: 'Windows 10', os.arch: 'amd64', os.version: '10.0', java.version: '23.0.1'
Driver info: driver.version: unknown
at org.openqa.selenium.support.ui.Select.selectByVisibleText(Select.java:167)
at pageObjectClass.OpportunitiesPageLocators.selectStage(OpportunitiesPageLocators.java:164)
at testBase.OpportunitiesPageTest.testSelectStage(OpportunitiesPageTest.java:78)
at java.base/jdk.internal.reflect.DirectMethodHandleAccessor.invoke(DirectMethodHandleAccessor.java:103)
at java.base/java.lang.reflect.Method.invoke(Method.java:580)
at org.testng.internal.invokers.MethodInvocationHelper.invokeMethod(MethodInvocationHelper.java:141)
at org.testng.internal.invokers.TestInvoker.invokeMethod(TestInvoker.java:687)
at org.testng.internal.invokers.TestInvoker.invokeTestMethod(TestInvoker.java:230)
at org.testng.internal.invokers.MethodRunner.runInSequence(MethodRunner.java:63)
at org.testng.internal.invokers.TestInvoker$MethodInvocationAgent.invoke(TestInvoker.java:995)
at org.testng.internal.invokers.TestInvoker.invokeTestMethods(TestInvoker.java:203)
at org.testng.internal.invokers.TestMethodWorker.invokeTestMethods(TestMethodWorker.java:154)
at org.testng.internal.invokers.TestMethodWorker.run(TestMethodWorker.java:134)
at java.base/java.util.ArrayList.forEach(ArrayList.java:1597)
at org.testng.TestRunner.privateRun(TestRunner.java:741)
at org.testng.TestRunner.run(TestRunner.java:616)
at org.testng.SuiteRunner.runTest(SuiteRunner.java:421)
at org.testng.SuiteRunner.runSequentially(SuiteRunner.java:413)
at org.testng.SuiteRunner.privateRun(SuiteRunner.java:373)
at org.testng.SuiteRunner.run(SuiteRunner.java:312)
at org.testng.SuiteRunnerWorker.runSuite(SuiteRunnerWorker.java:52)
at org.testng.SuiteRunnerWorker.run(SuiteRunnerWorker.java:95)
at org.testng.TestNG.runSuitesSequentially(TestNG.java:1274)
at org.testng.TestNG.runSuitesLocally(TestNG.java:1208)
at org.testng.TestNG.runSuites(TestNG.java:1112)
at org.testng.TestNG.run(TestNG.java:1079)
at org.testng.remote.AbstractRemoteTestNG.run(AbstractRemoteTestNG.java:115)
at org.testng.remote.RemoteTestNG.initAndRun(RemoteTestNG.java:293)
at org.testng.remote.RemoteTestNG.main(RemoteTestNG.java:91)
]]>
            </full-stacktrace>
          </exception> <!-- org.openqa.selenium.NoSuchElementException -->
          <reporter-output>
          </reporter-output>
        </test-method> <!-- testSelectStage -->
        <test-method signature="testEnterAmount()[pri:11, instance:testBase.OpportunitiesPageTest@6892b3b6]" started-at="2025-04-22T15:56:49 IST" name="testEnterAmount" finished-at="2025-04-22T15:56:49 IST" duration-ms="218" status="FAIL">
          <exception class="java.lang.AssertionError">
            <message>
              <![CDATA[Amount not entered correctly. expected [10000] but found [10,000]]]>
            </message>
            <full-stacktrace>
              <![CDATA[java.lang.AssertionError: Amount not entered correctly. expected [10000] but found [10,000]
at org.testng.Assert.fail(Assert.java:111)
at org.testng.Assert.failNotEquals(Assert.java:1590)
at org.testng.Assert.assertEqualsImpl(Assert.java:150)
at org.testng.Assert.assertEquals(Assert.java:132)
at org.testng.Assert.assertEquals(Assert.java:656)
at testBase.OpportunitiesPageTest.testEnterAmount(OpportunitiesPageTest.java:86)
at java.base/jdk.internal.reflect.DirectMethodHandleAccessor.invoke(DirectMethodHandleAccessor.java:103)
at java.base/java.lang.reflect.Method.invoke(Method.java:580)
at org.testng.internal.invokers.MethodInvocationHelper.invokeMethod(MethodInvocationHelper.java:141)
at org.testng.internal.invokers.TestInvoker.invokeMethod(TestInvoker.java:687)
at org.testng.internal.invokers.TestInvoker.invokeTestMethod(TestInvoker.java:230)
at org.testng.internal.invokers.MethodRunner.runInSequence(MethodRunner.java:63)
at org.testng.internal.invokers.TestInvoker$MethodInvocationAgent.invoke(TestInvoker.java:995)
at org.testng.internal.invokers.TestInvoker.invokeTestMethods(TestInvoker.java:203)
at org.testng.internal.invokers.TestMethodWorker.invokeTestMethods(TestMethodWorker.java:154)
at org.testng.internal.invokers.TestMethodWorker.run(TestMethodWorker.java:134)
at java.base/java.util.ArrayList.forEach(ArrayList.java:1597)
at org.testng.TestRunner.privateRun(TestRunner.java:741)
at org.testng.TestRunner.run(TestRunner.java:616)
at org.testng.SuiteRunner.runTest(SuiteRunner.java:421)
at org.testng.SuiteRunner.runSequentially(SuiteRunner.java:413)
at org.testng.SuiteRunner.privateRun(SuiteRunner.java:373)
at org.testng.SuiteRunner.run(SuiteRunner.java:312)
at org.testng.SuiteRunnerWorker.runSuite(SuiteRunnerWorker.java:52)
at org.testng.SuiteRunnerWorker.run(SuiteRunnerWorker.java:95)
at org.testng.TestNG.runSuitesSequentially(TestNG.java:1274)
at org.testng.TestNG.runSuitesLocally(TestNG.java:1208)
at org.testng.TestNG.runSuites(TestNG.java:1112)
at org.testng.TestNG.run(TestNG.java:1079)
at org.testng.remote.AbstractRemoteTestNG.run(AbstractRemoteTestNG.java:115)
at org.testng.remote.RemoteTestNG.initAndRun(RemoteTestNG.java:293)
at org.testng.remote.RemoteTestNG.main(RemoteTestNG.java:91)
]]>
            </full-stacktrace>
          </exception> <!-- java.lang.AssertionError -->
          <reporter-output>
          </reporter-output>
        </test-method> <!-- testEnterAmount -->
        <test-method signature="testSelectAmountCurrency()[pri:12, instance:testBase.OpportunitiesPageTest@6892b3b6]" started-at="2025-04-22T15:56:50 IST" name="testSelectAmountCurrency" finished-at="2025-04-22T15:56:50 IST" duration-ms="222" status="FAIL">
          <exception class="java.lang.AssertionError">
            <message>
              <![CDATA[Amount currency not selected correctly. expected [USD] but found []]]>
            </message>
            <full-stacktrace>
              <![CDATA[java.lang.AssertionError: Amount currency not selected correctly. expected [USD] but found []
at org.testng.Assert.fail(Assert.java:111)
at org.testng.Assert.failNotEquals(Assert.java:1590)
at org.testng.Assert.assertEqualsImpl(Assert.java:150)
at org.testng.Assert.assertEquals(Assert.java:132)
at org.testng.Assert.assertEquals(Assert.java:656)
at testBase.OpportunitiesPageTest.testSelectAmountCurrency(OpportunitiesPageTest.java:93)
at java.base/jdk.internal.reflect.DirectMethodHandleAccessor.invoke(DirectMethodHandleAccessor.java:103)
at java.base/java.lang.reflect.Method.invoke(Method.java:580)
at org.testng.internal.invokers.MethodInvocationHelper.invokeMethod(MethodInvocationHelper.java:141)
at org.testng.internal.invokers.TestInvoker.invokeMethod(TestInvoker.java:687)
at org.testng.internal.invokers.TestInvoker.invokeTestMethod(TestInvoker.java:230)
at org.testng.internal.invokers.MethodRunner.runInSequence(MethodRunner.java:63)
at org.testng.internal.invokers.TestInvoker$MethodInvocationAgent.invoke(TestInvoker.java:995)
at org.testng.internal.invokers.TestInvoker.invokeTestMethods(TestInvoker.java:203)
at org.testng.internal.invokers.TestMethodWorker.invokeTestMethods(TestMethodWorker.java:154)
at org.testng.internal.invokers.TestMethodWorker.run(TestMethodWorker.java:134)
at java.base/java.util.ArrayList.forEach(ArrayList.java:1597)
at org.testng.TestRunner.privateRun(TestRunner.java:741)
at org.testng.TestRunner.run(TestRunner.java:616)
at org.testng.SuiteRunner.runTest(SuiteRunner.java:421)
at org.testng.SuiteRunner.runSequentially(SuiteRunner.java:413)
at org.testng.SuiteRunner.privateRun(SuiteRunner.java:373)
at org.testng.SuiteRunner.run(SuiteRunner.java:312)
at org.testng.SuiteRunnerWorker.runSuite(SuiteRunnerWorker.java:52)
at org.testng.SuiteRunnerWorker.run(SuiteRunnerWorker.java:95)
at org.testng.TestNG.runSuitesSequentially(TestNG.java:1274)
at org.testng.TestNG.runSuitesLocally(TestNG.java:1208)
at org.testng.TestNG.runSuites(TestNG.java:1112)
at org.testng.TestNG.run(TestNG.java:1079)
at org.testng.remote.AbstractRemoteTestNG.run(AbstractRemoteTestNG.java:115)
at org.testng.remote.RemoteTestNG.initAndRun(RemoteTestNG.java:293)
at org.testng.remote.RemoteTestNG.main(RemoteTestNG.java:91)
]]>
            </full-stacktrace>
          </exception> <!-- java.lang.AssertionError -->
          <reporter-output>
          </reporter-output>
        </test-method> <!-- testSelectAmountCurrency -->
        <test-method signature="testEnterProbability()[pri:13, instance:testBase.OpportunitiesPageTest@6892b3b6]" started-at="2025-04-22T15:56:50 IST" name="testEnterProbability" finished-at="2025-04-22T15:56:50 IST" duration-ms="353" status="FAIL">
          <exception class="java.lang.AssertionError">
            <message>
              <![CDATA[Probability not entered correctly. expected [75] but found [1,075]]]>
            </message>
            <full-stacktrace>
              <![CDATA[java.lang.AssertionError: Probability not entered correctly. expected [75] but found [1,075]
at org.testng.Assert.fail(Assert.java:111)
at org.testng.Assert.failNotEquals(Assert.java:1590)
at org.testng.Assert.assertEqualsImpl(Assert.java:150)
at org.testng.Assert.assertEquals(Assert.java:132)
at org.testng.Assert.assertEquals(Assert.java:656)
at testBase.OpportunitiesPageTest.testEnterProbability(OpportunitiesPageTest.java:100)
at java.base/jdk.internal.reflect.DirectMethodHandleAccessor.invoke(DirectMethodHandleAccessor.java:103)
at java.base/java.lang.reflect.Method.invoke(Method.java:580)
at org.testng.internal.invokers.MethodInvocationHelper.invokeMethod(MethodInvocationHelper.java:141)
at org.testng.internal.invokers.TestInvoker.invokeMethod(TestInvoker.java:687)
at org.testng.internal.invokers.TestInvoker.invokeTestMethod(TestInvoker.java:230)
at org.testng.internal.invokers.MethodRunner.runInSequence(MethodRunner.java:63)
at org.testng.internal.invokers.TestInvoker$MethodInvocationAgent.invoke(TestInvoker.java:995)
at org.testng.internal.invokers.TestInvoker.invokeTestMethods(TestInvoker.java:203)
at org.testng.internal.invokers.TestMethodWorker.invokeTestMethods(TestMethodWorker.java:154)
at org.testng.internal.invokers.TestMethodWorker.run(TestMethodWorker.java:134)
at java.base/java.util.ArrayList.forEach(ArrayList.java:1597)
at org.testng.TestRunner.privateRun(TestRunner.java:741)
at org.testng.TestRunner.run(TestRunner.java:616)
at org.testng.SuiteRunner.runTest(SuiteRunner.java:421)
at org.testng.SuiteRunner.runSequentially(SuiteRunner.java:413)
at org.testng.SuiteRunner.privateRun(SuiteRunner.java:373)
at org.testng.SuiteRunner.run(SuiteRunner.java:312)
at org.testng.SuiteRunnerWorker.runSuite(SuiteRunnerWorker.java:52)
at org.testng.SuiteRunnerWorker.run(SuiteRunnerWorker.java:95)
at org.testng.TestNG.runSuitesSequentially(TestNG.java:1274)
at org.testng.TestNG.runSuitesLocally(TestNG.java:1208)
at org.testng.TestNG.runSuites(TestNG.java:1112)
at org.testng.TestNG.run(TestNG.java:1079)
at org.testng.remote.AbstractRemoteTestNG.run(AbstractRemoteTestNG.java:115)
at org.testng.remote.RemoteTestNG.initAndRun(RemoteTestNG.java:293)
at org.testng.remote.RemoteTestNG.main(RemoteTestNG.java:91)
]]>
            </full-stacktrace>
          </exception> <!-- java.lang.AssertionError -->
          <reporter-output>
          </reporter-output>
        </test-method> <!-- testEnterProbability -->
        <test-method signature="testEnterCloseDate()[pri:14, instance:testBase.OpportunitiesPageTest@6892b3b6]" started-at="2025-04-22T15:56:51 IST" name="testEnterCloseDate" finished-at="2025-04-22T15:56:51 IST" duration-ms="777" status="PASS">
          <reporter-output>
          </reporter-output>
        </test-method> <!-- testEnterCloseDate -->
        <test-method signature="testClickCloseDatePicker()[pri:15, instance:testBase.OpportunitiesPageTest@6892b3b6]" started-at="2025-04-22T15:56:51 IST" name="testClickCloseDatePicker" finished-at="2025-04-22T15:56:52 IST" duration-ms="315" status="PASS">
          <reporter-output>
          </reporter-output>
        </test-method> <!-- testClickCloseDatePicker -->
        <test-method signature="testEnterContacts()[pri:16, instance:testBase.OpportunitiesPageTest@6892b3b6]" started-at="2025-04-22T15:56:52 IST" name="testEnterContacts" finished-at="2025-04-22T15:56:52 IST" duration-ms="261" status="PASS">
          <reporter-output>
          </reporter-output>
        </test-method> <!-- testEnterContacts -->
        <test-method signature="testSelectLeadSource()[pri:17, instance:testBase.OpportunitiesPageTest@6892b3b6]" started-at="2025-04-22T15:56:52 IST" name="testSelectLeadSource" finished-at="2025-04-22T15:57:07 IST" duration-ms="15145" status="FAIL">
          <exception class="org.openqa.selenium.NoSuchElementException">
            <message>
              <![CDATA[Cannot locate option with text: Web
For documentation on this error, please visit: https://www.selenium.dev/documentation/webdriver/troubleshooting/errors#no-such-element-exception
Build info: version: '4.31.0', revision: '1ef9f18787*'
System info: os.name: 'Windows 10', os.arch: 'amd64', os.version: '10.0', java.version: '23.0.1'
Driver info: driver.version: unknown]]>
            </message>
            <full-stacktrace>
              <![CDATA[org.openqa.selenium.NoSuchElementException: Cannot locate option with text: Web
For documentation on this error, please visit: https://www.selenium.dev/documentation/webdriver/troubleshooting/errors#no-such-element-exception
Build info: version: '4.31.0', revision: '1ef9f18787*'
System info: os.name: 'Windows 10', os.arch: 'amd64', os.version: '10.0', java.version: '23.0.1'
Driver info: driver.version: unknown
at org.openqa.selenium.support.ui.Select.selectByVisibleText(Select.java:167)
at pageObjectClass.OpportunitiesPageLocators.selectLeadSource(OpportunitiesPageLocators.java:213)
at testBase.OpportunitiesPageTest.testSelectLeadSource(OpportunitiesPageTest.java:126)
at java.base/jdk.internal.reflect.DirectMethodHandleAccessor.invoke(DirectMethodHandleAccessor.java:103)
at java.base/java.lang.reflect.Method.invoke(Method.java:580)
at org.testng.internal.invokers.MethodInvocationHelper.invokeMethod(MethodInvocationHelper.java:141)
at org.testng.internal.invokers.TestInvoker.invokeMethod(TestInvoker.java:687)
at org.testng.internal.invokers.TestInvoker.invokeTestMethod(TestInvoker.java:230)
at org.testng.internal.invokers.MethodRunner.runInSequence(MethodRunner.java:63)
at org.testng.internal.invokers.TestInvoker$MethodInvocationAgent.invoke(TestInvoker.java:995)
at org.testng.internal.invokers.TestInvoker.invokeTestMethods(TestInvoker.java:203)
at org.testng.internal.invokers.TestMethodWorker.invokeTestMethods(TestMethodWorker.java:154)
at org.testng.internal.invokers.TestMethodWorker.run(TestMethodWorker.java:134)
at java.base/java.util.ArrayList.forEach(ArrayList.java:1597)
at org.testng.TestRunner.privateRun(TestRunner.java:741)
at org.testng.TestRunner.run(TestRunner.java:616)
at org.testng.SuiteRunner.runTest(SuiteRunner.java:421)
at org.testng.SuiteRunner.runSequentially(SuiteRunner.java:413)
at org.testng.SuiteRunner.privateRun(SuiteRunner.java:373)
at org.testng.SuiteRunner.run(SuiteRunner.java:312)
at org.testng.SuiteRunnerWorker.runSuite(SuiteRunnerWorker.java:52)
at org.testng.SuiteRunnerWorker.run(SuiteRunnerWorker.java:95)
at org.testng.TestNG.runSuitesSequentially(TestNG.java:1274)
at org.testng.TestNG.runSuitesLocally(TestNG.java:1208)
at org.testng.TestNG.runSuites(TestNG.java:1112)
at org.testng.TestNG.run(TestNG.java:1079)
at org.testng.remote.AbstractRemoteTestNG.run(AbstractRemoteTestNG.java:115)
at org.testng.remote.RemoteTestNG.initAndRun(RemoteTestNG.java:293)
at org.testng.remote.RemoteTestNG.main(RemoteTestNG.java:91)
]]>
            </full-stacktrace>
          </exception> <!-- org.openqa.selenium.NoSuchElementException -->
          <reporter-output>
          </reporter-output>
        </test-method> <!-- testSelectLeadSource -->
        <test-method signature="testEnterDescription()[pri:18, instance:testBase.OpportunitiesPageTest@6892b3b6]" started-at="2025-04-22T15:57:07 IST" name="testEnterDescription" finished-at="2025-04-22T15:57:08 IST" duration-ms="384" status="PASS">
          <reporter-output>
          </reporter-output>
        </test-method> <!-- testEnterDescription -->
        <test-method signature="testClickAddItemButton()[pri:19, instance:testBase.OpportunitiesPageTest@6892b3b6]" started-at="2025-04-22T15:57:08 IST" name="testClickAddItemButton" finished-at="2025-04-22T15:57:08 IST" duration-ms="280" status="PASS">
          <reporter-output>
          </reporter-output>
        </test-method> <!-- testClickAddItemButton -->
        <test-method signature="testClickAddProductsMenuItem()[pri:20, instance:testBase.OpportunitiesPageTest@6892b3b6]" started-at="2025-04-22T15:57:08 IST" name="testClickAddProductsMenuItem" finished-at="2025-04-22T15:57:23 IST" duration-ms="15266" status="FAIL">
          <exception class="org.openqa.selenium.ElementNotInteractableException">
            <message>
              <![CDATA[element not interactable
  (Session info: chrome=135.0.7049.96)
Build info: version: '4.31.0', revision: '1ef9f18787*'
System info: os.name: 'Windows 10', os.arch: 'amd64', os.version: '10.0', java.version: '23.0.1'
Driver info: org.openqa.selenium.chrome.ChromeDriver
Command: [e5aa8d8bbfbb13555d843736f0fd63b3, clickElement {id=f.7D68DEDA8589AB8ED21D60DCD3F544DE.d.23545675855A2E45B911AE525F9B0C67.e.257}]
Capabilities {acceptInsecureCerts: false, browserName: chrome, browserVersion: 135.0.7049.96, chrome: {chromedriverVersion: 135.0.7049.95 (de2eb485a195..., userDataDir: C:\Users\xmedia\AppData\Loc...}, fedcm:accounts: true, goog:chromeOptions: {debuggerAddress: localhost:65405}, networkConnectionEnabled: false, pageLoadStrategy: normal, platformName: windows, proxy: Proxy(), se:cdp: ws://localhost:65405/devtoo..., se:cdpVersion: 135.0.7049.96, setWindowRect: true, strictFileInteractability: false, timeouts: {implicit: 0, pageLoad: 300000, script: 30000}, unhandledPromptBehavior: dismiss and notify, webauthn:extension:credBlob: true, webauthn:extension:largeBlob: true, webauthn:extension:minPinLength: true, webauthn:extension:prf: true, webauthn:virtualAuthenticators: true}
Element: [[ChromeDriver: chrome on windows (e5aa8d8bbfbb13555d843736f0fd63b3)] -> css selector: a[data-action='addProducts']]
Session ID: e5aa8d8bbfbb13555d843736f0fd63b3]]>
            </message>
            <full-stacktrace>
              <![CDATA[org.openqa.selenium.ElementNotInteractableException: element not interactable
  (Session info: chrome=135.0.7049.96)
Build info: version: '4.31.0', revision: '1ef9f18787*'
System info: os.name: 'Windows 10', os.arch: 'amd64', os.version: '10.0', java.version: '23.0.1'
Driver info: org.openqa.selenium.chrome.ChromeDriver
Command: [e5aa8d8bbfbb13555d843736f0fd63b3, clickElement {id=f.7D68DEDA8589AB8ED21D60DCD3F544DE.d.23545675855A2E45B911AE525F9B0C67.e.257}]
Capabilities {acceptInsecureCerts: false, browserName: chrome, browserVersion: 135.0.7049.96, chrome: {chromedriverVersion: 135.0.7049.95 (de2eb485a195..., userDataDir: C:\Users\xmedia\AppData\Loc...}, fedcm:accounts: true, goog:chromeOptions: {debuggerAddress: localhost:65405}, networkConnectionEnabled: false, pageLoadStrategy: normal, platformName: windows, proxy: Proxy(), se:cdp: ws://localhost:65405/devtoo..., se:cdpVersion: 135.0.7049.96, setWindowRect: true, strictFileInteractability: false, timeouts: {implicit: 0, pageLoad: 300000, script: 30000}, unhandledPromptBehavior: dismiss and notify, webauthn:extension:credBlob: true, webauthn:extension:largeBlob: true, webauthn:extension:minPinLength: true, webauthn:extension:prf: true, webauthn:virtualAuthenticators: true}
Element: [[ChromeDriver: chrome on windows (e5aa8d8bbfbb13555d843736f0fd63b3)] -> css selector: a[data-action='addProducts']]
Session ID: e5aa8d8bbfbb13555d843736f0fd63b3
at java.base/jdk.internal.reflect.DirectConstructorHandleAccessor.newInstance(DirectConstructorHandleAccessor.java:62)
at java.base/java.lang.reflect.Constructor.newInstanceWithCaller(Constructor.java:501)
at java.base/java.lang.reflect.Constructor.newInstance(Constructor.java:485)
at org.openqa.selenium.remote.ErrorCodec.decode(ErrorCodec.java:167)
at org.openqa.selenium.remote.codec.w3c.W3CHttpResponseCodec.decode(W3CHttpResponseCodec.java:138)
at org.openqa.selenium.remote.codec.w3c.W3CHttpResponseCodec.decode(W3CHttpResponseCodec.java:50)
at org.openqa.selenium.remote.HttpCommandExecutor.execute(HttpCommandExecutor.java:215)
at org.openqa.selenium.remote.service.DriverCommandExecutor.invokeExecute(DriverCommandExecutor.java:216)
at org.openqa.selenium.remote.service.DriverCommandExecutor.execute(DriverCommandExecutor.java:174)
at org.openqa.selenium.remote.RemoteWebDriver.execute(RemoteWebDriver.java:545)
at org.openqa.selenium.remote.RemoteWebElement.execute(RemoteWebElement.java:223)
at org.openqa.selenium.remote.RemoteWebElement.click(RemoteWebElement.java:76)
at pageObjectClass.OpportunitiesPageLocators.clickAddProductsMenuItem(OpportunitiesPageLocators.java:232)
at testBase.OpportunitiesPageTest.testClickAddProductsMenuItem(OpportunitiesPageTest.java:145)
at java.base/jdk.internal.reflect.DirectMethodHandleAccessor.invoke(DirectMethodHandleAccessor.java:103)
at java.base/java.lang.reflect.Method.invoke(Method.java:580)
at org.testng.internal.invokers.MethodInvocationHelper.invokeMethod(MethodInvocationHelper.java:141)
at org.testng.internal.invokers.TestInvoker.invokeMethod(TestInvoker.java:687)
at org.testng.internal.invokers.TestInvoker.invokeTestMethod(TestInvoker.java:230)
at org.testng.internal.invokers.MethodRunner.runInSequence(MethodRunner.java:63)
at org.testng.internal.invokers.TestInvoker$MethodInvocationAgent.invoke(TestInvoker.java:995)
at org.testng.internal.invokers.TestInvoker.invokeTestMethods(TestInvoker.java:203)
at org.testng.internal.invokers.TestMethodWorker.invokeTestMethods(TestMethodWorker.java:154)
at org.testng.internal.invokers.TestMethodWorker.run(TestMethodWorker.java:134)
at java.base/java.util.ArrayList.forEach(ArrayList.java:1597)
at org.testng.TestRunner.privateRun(TestRunner.java:741)
at org.testng.TestRunner.run(TestRunner.java:616)
at org.testng.SuiteRunner.runTest(SuiteRunner.java:421)
at org.testng.SuiteRunner.runSequentially(SuiteRunner.java:413)
at org.testng.SuiteRunner.privateRun(SuiteRunner.java:373)
at org.testng.SuiteRunner.run(SuiteRunner.java:312)
at org.testng.SuiteRunnerWorker.runSuite(SuiteRunnerWorker.java:52)
at org.testng.SuiteRunnerWorker.run(SuiteRunnerWorker.java:95)
at org.testng.TestNG.runSuitesSequentially(TestNG.java:1274)
at org.testng.TestNG.runSuitesLocally(TestNG.java:1208)
at org.testng.TestNG.runSuites(TestNG.java:1112)
at org.testng.TestNG.run(TestNG.java:1079)
at org.testng.remote.AbstractRemoteTestNG.run(AbstractRemoteTestNG.java:115)
at org.testng.remote.RemoteTestNG.initAndRun(RemoteTestNG.java:293)
at org.testng.remote.RemoteTestNG.main(RemoteTestNG.java:91)
]]>
            </full-stacktrace>
          </exception> <!-- org.openqa.selenium.ElementNotInteractableException -->
          <reporter-output>
          </reporter-output>
        </test-method> <!-- testClickAddProductsMenuItem -->
        <test-method signature="testSelectItemsCurrency()[pri:21, instance:testBase.OpportunitiesPageTest@6892b3b6]" started-at="2025-04-22T15:57:23 IST" name="testSelectItemsCurrency" finished-at="2025-04-22T15:57:39 IST" duration-ms="15070" status="FAIL">
          <exception class="org.openqa.selenium.NoSuchElementException">
            <message>
              <![CDATA[no such element: Unable to locate element: {"method":"css selector","selector":"select[data-name='currency']"}
  (Session info: chrome=135.0.7049.96)
For documentation on this error, please visit: https://www.selenium.dev/documentation/webdriver/troubleshooting/errors#no-such-element-exception
Build info: version: '4.31.0', revision: '1ef9f18787*'
System info: os.name: 'Windows 10', os.arch: 'amd64', os.version: '10.0', java.version: '23.0.1'
Driver info: org.openqa.selenium.chrome.ChromeDriver
Command: [e5aa8d8bbfbb13555d843736f0fd63b3, findElement {using=css selector, value=select[data-name='currency']}]
Capabilities {acceptInsecureCerts: false, browserName: chrome, browserVersion: 135.0.7049.96, chrome: {chromedriverVersion: 135.0.7049.95 (de2eb485a195..., userDataDir: C:\Users\xmedia\AppData\Loc...}, fedcm:accounts: true, goog:chromeOptions: {debuggerAddress: localhost:65405}, networkConnectionEnabled: false, pageLoadStrategy: normal, platformName: windows, proxy: Proxy(), se:cdp: ws://localhost:65405/devtoo..., se:cdpVersion: 135.0.7049.96, setWindowRect: true, strictFileInteractability: false, timeouts: {implicit: 0, pageLoad: 300000, script: 30000}, unhandledPromptBehavior: dismiss and notify, webauthn:extension:credBlob: true, webauthn:extension:largeBlob: true, webauthn:extension:minPinLength: true, webauthn:extension:prf: true, webauthn:virtualAuthenticators: true}
Session ID: e5aa8d8bbfbb13555d843736f0fd63b3]]>
            </message>
            <full-stacktrace>
              <![CDATA[org.openqa.selenium.NoSuchElementException: no such element: Unable to locate element: {"method":"css selector","selector":"select[data-name='currency']"}
  (Session info: chrome=135.0.7049.96)
For documentation on this error, please visit: https://www.selenium.dev/documentation/webdriver/troubleshooting/errors#no-such-element-exception
Build info: version: '4.31.0', revision: '1ef9f18787*'
System info: os.name: 'Windows 10', os.arch: 'amd64', os.version: '10.0', java.version: '23.0.1'
Driver info: org.openqa.selenium.chrome.ChromeDriver
Command: [e5aa8d8bbfbb13555d843736f0fd63b3, findElement {using=css selector, value=select[data-name='currency']}]
Capabilities {acceptInsecureCerts: false, browserName: chrome, browserVersion: 135.0.7049.96, chrome: {chromedriverVersion: 135.0.7049.95 (de2eb485a195..., userDataDir: C:\Users\xmedia\AppData\Loc...}, fedcm:accounts: true, goog:chromeOptions: {debuggerAddress: localhost:65405}, networkConnectionEnabled: false, pageLoadStrategy: normal, platformName: windows, proxy: Proxy(), se:cdp: ws://localhost:65405/devtoo..., se:cdpVersion: 135.0.7049.96, setWindowRect: true, strictFileInteractability: false, timeouts: {implicit: 0, pageLoad: 300000, script: 30000}, unhandledPromptBehavior: dismiss and notify, webauthn:extension:credBlob: true, webauthn:extension:largeBlob: true, webauthn:extension:minPinLength: true, webauthn:extension:prf: true, webauthn:virtualAuthenticators: true}
Session ID: e5aa8d8bbfbb13555d843736f0fd63b3
at java.base/jdk.internal.reflect.DirectConstructorHandleAccessor.newInstance(DirectConstructorHandleAccessor.java:62)
at java.base/java.lang.reflect.Constructor.newInstanceWithCaller(Constructor.java:501)
at java.base/java.lang.reflect.Constructor.newInstance(Constructor.java:485)
at org.openqa.selenium.remote.ErrorCodec.decode(ErrorCodec.java:167)
at org.openqa.selenium.remote.codec.w3c.W3CHttpResponseCodec.decode(W3CHttpResponseCodec.java:138)
at org.openqa.selenium.remote.codec.w3c.W3CHttpResponseCodec.decode(W3CHttpResponseCodec.java:50)
at org.openqa.selenium.remote.HttpCommandExecutor.execute(HttpCommandExecutor.java:215)
at org.openqa.selenium.remote.service.DriverCommandExecutor.invokeExecute(DriverCommandExecutor.java:216)
at org.openqa.selenium.remote.service.DriverCommandExecutor.execute(DriverCommandExecutor.java:174)
at org.openqa.selenium.remote.RemoteWebDriver.execute(RemoteWebDriver.java:545)
at org.openqa.selenium.remote.ElementLocation$ElementFinder$2.findElement(ElementLocation.java:165)
at org.openqa.selenium.remote.ElementLocation.findElement(ElementLocation.java:59)
at org.openqa.selenium.remote.RemoteWebDriver.findElement(RemoteWebDriver.java:368)
at org.openqa.selenium.remote.RemoteWebDriver.findElement(RemoteWebDriver.java:362)
at pageObjectClass.OpportunitiesPageLocators.selectItemsCurrency(OpportunitiesPageLocators.java:238)
at testBase.OpportunitiesPageTest.testSelectItemsCurrency(OpportunitiesPageTest.java:152)
at java.base/jdk.internal.reflect.DirectMethodHandleAccessor.invoke(DirectMethodHandleAccessor.java:103)
at java.base/java.lang.reflect.Method.invoke(Method.java:580)
at org.testng.internal.invokers.MethodInvocationHelper.invokeMethod(MethodInvocationHelper.java:141)
at org.testng.internal.invokers.TestInvoker.invokeMethod(TestInvoker.java:687)
at org.testng.internal.invokers.TestInvoker.invokeTestMethod(TestInvoker.java:230)
at org.testng.internal.invokers.MethodRunner.runInSequence(MethodRunner.java:63)
at org.testng.internal.invokers.TestInvoker$MethodInvocationAgent.invoke(TestInvoker.java:995)
at org.testng.internal.invokers.TestInvoker.invokeTestMethods(TestInvoker.java:203)
at org.testng.internal.invokers.TestMethodWorker.invokeTestMethods(TestMethodWorker.java:154)
at org.testng.internal.invokers.TestMethodWorker.run(TestMethodWorker.java:134)
at java.base/java.util.ArrayList.forEach(ArrayList.java:1597)
at org.testng.TestRunner.privateRun(TestRunner.java:741)
at org.testng.TestRunner.run(TestRunner.java:616)
at org.testng.SuiteRunner.runTest(SuiteRunner.java:421)
at org.testng.SuiteRunner.runSequentially(SuiteRunner.java:413)
at org.testng.SuiteRunner.privateRun(SuiteRunner.java:373)
at org.testng.SuiteRunner.run(SuiteRunner.java:312)
at org.testng.SuiteRunnerWorker.runSuite(SuiteRunnerWorker.java:52)
at org.testng.SuiteRunnerWorker.run(SuiteRunnerWorker.java:95)
at org.testng.TestNG.runSuitesSequentially(TestNG.java:1274)
at org.testng.TestNG.runSuitesLocally(TestNG.java:1208)
at org.testng.TestNG.runSuites(TestNG.java:1112)
at org.testng.TestNG.run(TestNG.java:1079)
at org.testng.remote.AbstractRemoteTestNG.run(AbstractRemoteTestNG.java:115)
at org.testng.remote.RemoteTestNG.initAndRun(RemoteTestNG.java:293)
at org.testng.remote.RemoteTestNG.main(RemoteTestNG.java:91)
]]>
            </full-stacktrace>
          </exception> <!-- org.openqa.selenium.NoSuchElementException -->
          <reporter-output>
          </reporter-output>
        </test-method> <!-- testSelectItemsCurrency -->
        <test-method signature="testEnterAssignedUserName()[pri:22, instance:testBase.OpportunitiesPageTest@6892b3b6]" started-at="2025-04-22T15:57:39 IST" name="testEnterAssignedUserName" finished-at="2025-04-22T15:57:39 IST" duration-ms="388" status="PASS">
          <reporter-output>
          </reporter-output>
        </test-method> <!-- testEnterAssignedUserName -->
        <test-method signature="testClickAssignedUserSelectButton()[pri:23, instance:testBase.OpportunitiesPageTest@6892b3b6]" started-at="2025-04-22T15:57:39 IST" name="testClickAssignedUserSelectButton" finished-at="2025-04-22T15:57:39 IST" duration-ms="216" status="PASS">
          <reporter-output>
          </reporter-output>
        </test-method> <!-- testClickAssignedUserSelectButton -->
        <test-method signature="testClickAssignedUserClearButton()[pri:24, instance:testBase.OpportunitiesPageTest@6892b3b6]" started-at="2025-04-22T15:57:39 IST" name="testClickAssignedUserClearButton" finished-at="2025-04-22T15:57:40 IST" duration-ms="538" status="PASS">
          <reporter-output>
          </reporter-output>
        </test-method> <!-- testClickAssignedUserClearButton -->
        <test-method signature="testEnterTeamName()[pri:25, instance:testBase.OpportunitiesPageTest@6892b3b6]" started-at="2025-04-22T15:57:40 IST" name="testEnterTeamName" finished-at="2025-04-22T15:57:40 IST" duration-ms="275" status="FAIL">
          <exception class="org.openqa.selenium.ElementNotInteractableException">
            <message>
              <![CDATA[element not interactable
  (Session info: chrome=135.0.7049.96)
Build info: version: '4.31.0', revision: '1ef9f18787*'
System info: os.name: 'Windows 10', os.arch: 'amd64', os.version: '10.0', java.version: '23.0.1'
Driver info: org.openqa.selenium.chrome.ChromeDriver
Command: [e5aa8d8bbfbb13555d843736f0fd63b3, sendKeysToElement {id=f.7D68DEDA8589AB8ED21D60DCD3F544DE.d.23545675855A2E45B911AE525F9B0C67.e.176, value=[Ljava.lang.CharSequence;@127f9161}]
Capabilities {acceptInsecureCerts: false, browserName: chrome, browserVersion: 135.0.7049.96, chrome: {chromedriverVersion: 135.0.7049.95 (de2eb485a195..., userDataDir: C:\Users\xmedia\AppData\Loc...}, fedcm:accounts: true, goog:chromeOptions: {debuggerAddress: localhost:65405}, networkConnectionEnabled: false, pageLoadStrategy: normal, platformName: windows, proxy: Proxy(), se:cdp: ws://localhost:65405/devtoo..., se:cdpVersion: 135.0.7049.96, setWindowRect: true, strictFileInteractability: false, timeouts: {implicit: 0, pageLoad: 300000, script: 30000}, unhandledPromptBehavior: dismiss and notify, webauthn:extension:credBlob: true, webauthn:extension:largeBlob: true, webauthn:extension:minPinLength: true, webauthn:extension:prf: true, webauthn:virtualAuthenticators: true}
Element: [[ChromeDriver: chrome on windows (e5aa8d8bbfbb13555d843736f0fd63b3)] -> xpath: //div[@data-name='teams']//input[@placeholder='Select']]
Session ID: e5aa8d8bbfbb13555d843736f0fd63b3]]>
            </message>
            <full-stacktrace>
              <![CDATA[org.openqa.selenium.ElementNotInteractableException: element not interactable
  (Session info: chrome=135.0.7049.96)
Build info: version: '4.31.0', revision: '1ef9f18787*'
System info: os.name: 'Windows 10', os.arch: 'amd64', os.version: '10.0', java.version: '23.0.1'
Driver info: org.openqa.selenium.chrome.ChromeDriver
Command: [e5aa8d8bbfbb13555d843736f0fd63b3, sendKeysToElement {id=f.7D68DEDA8589AB8ED21D60DCD3F544DE.d.23545675855A2E45B911AE525F9B0C67.e.176, value=[Ljava.lang.CharSequence;@127f9161}]
Capabilities {acceptInsecureCerts: false, browserName: chrome, browserVersion: 135.0.7049.96, chrome: {chromedriverVersion: 135.0.7049.95 (de2eb485a195..., userDataDir: C:\Users\xmedia\AppData\Loc...}, fedcm:accounts: true, goog:chromeOptions: {debuggerAddress: localhost:65405}, networkConnectionEnabled: false, pageLoadStrategy: normal, platformName: windows, proxy: Proxy(), se:cdp: ws://localhost:65405/devtoo..., se:cdpVersion: 135.0.7049.96, setWindowRect: true, strictFileInteractability: false, timeouts: {implicit: 0, pageLoad: 300000, script: 30000}, unhandledPromptBehavior: dismiss and notify, webauthn:extension:credBlob: true, webauthn:extension:largeBlob: true, webauthn:extension:minPinLength: true, webauthn:extension:prf: true, webauthn:virtualAuthenticators: true}
Element: [[ChromeDriver: chrome on windows (e5aa8d8bbfbb13555d843736f0fd63b3)] -> xpath: //div[@data-name='teams']//input[@placeholder='Select']]
Session ID: e5aa8d8bbfbb13555d843736f0fd63b3
at java.base/jdk.internal.reflect.DirectConstructorHandleAccessor.newInstance(DirectConstructorHandleAccessor.java:62)
at java.base/java.lang.reflect.Constructor.newInstanceWithCaller(Constructor.java:501)
at java.base/java.lang.reflect.Constructor.newInstance(Constructor.java:485)
at org.openqa.selenium.remote.ErrorCodec.decode(ErrorCodec.java:167)
at org.openqa.selenium.remote.codec.w3c.W3CHttpResponseCodec.decode(W3CHttpResponseCodec.java:138)
at org.openqa.selenium.remote.codec.w3c.W3CHttpResponseCodec.decode(W3CHttpResponseCodec.java:50)
at org.openqa.selenium.remote.HttpCommandExecutor.execute(HttpCommandExecutor.java:215)
at org.openqa.selenium.remote.service.DriverCommandExecutor.invokeExecute(DriverCommandExecutor.java:216)
at org.openqa.selenium.remote.service.DriverCommandExecutor.execute(DriverCommandExecutor.java:174)
at org.openqa.selenium.remote.RemoteWebDriver.execute(RemoteWebDriver.java:545)
at org.openqa.selenium.remote.RemoteWebElement.execute(RemoteWebElement.java:223)
at org.openqa.selenium.remote.RemoteWebElement.sendKeys(RemoteWebElement.java:110)
at pageObjectClass.OpportunitiesPageLocators.enterTeamName(OpportunitiesPageLocators.java:265)
at testBase.OpportunitiesPageTest.testEnterTeamName(OpportunitiesPageTest.java:178)
at java.base/jdk.internal.reflect.DirectMethodHandleAccessor.invoke(DirectMethodHandleAccessor.java:103)
at java.base/java.lang.reflect.Method.invoke(Method.java:580)
at org.testng.internal.invokers.MethodInvocationHelper.invokeMethod(MethodInvocationHelper.java:141)
at org.testng.internal.invokers.TestInvoker.invokeMethod(TestInvoker.java:687)
at org.testng.internal.invokers.TestInvoker.invokeTestMethod(TestInvoker.java:230)
at org.testng.internal.invokers.MethodRunner.runInSequence(MethodRunner.java:63)
at org.testng.internal.invokers.TestInvoker$MethodInvocationAgent.invoke(TestInvoker.java:995)
at org.testng.internal.invokers.TestInvoker.invokeTestMethods(TestInvoker.java:203)
at org.testng.internal.invokers.TestMethodWorker.invokeTestMethods(TestMethodWorker.java:154)
at org.testng.internal.invokers.TestMethodWorker.run(TestMethodWorker.java:134)
at java.base/java.util.ArrayList.forEach(ArrayList.java:1597)
at org.testng.TestRunner.privateRun(TestRunner.java:741)
at org.testng.TestRunner.run(TestRunner.java:616)
at org.testng.SuiteRunner.runTest(SuiteRunner.java:421)
at org.testng.SuiteRunner.runSequentially(SuiteRunner.java:413)
at org.testng.SuiteRunner.privateRun(SuiteRunner.java:373)
at org.testng.SuiteRunner.run(SuiteRunner.java:312)
at org.testng.SuiteRunnerWorker.runSuite(SuiteRunnerWorker.java:52)
at org.testng.SuiteRunnerWorker.run(SuiteRunnerWorker.java:95)
at org.testng.TestNG.runSuitesSequentially(TestNG.java:1274)
at org.testng.TestNG.runSuitesLocally(TestNG.java:1208)
at org.testng.TestNG.runSuites(TestNG.java:1112)
at org.testng.TestNG.run(TestNG.java:1079)
at org.testng.remote.AbstractRemoteTestNG.run(AbstractRemoteTestNG.java:115)
at org.testng.remote.RemoteTestNG.initAndRun(RemoteTestNG.java:293)
at org.testng.remote.RemoteTestNG.main(RemoteTestNG.java:91)
]]>
            </full-stacktrace>
          </exception> <!-- org.openqa.selenium.ElementNotInteractableException -->
          <reporter-output>
          </reporter-output>
        </test-method> <!-- testEnterTeamName -->
        <test-method signature="testClickTeamsSelectButton()[pri:26, instance:testBase.OpportunitiesPageTest@6892b3b6]" started-at="2025-04-22T15:57:41 IST" name="testClickTeamsSelectButton" finished-at="2025-04-22T15:57:42 IST" duration-ms="1147" status="FAIL">
          <exception class="org.openqa.selenium.ElementClickInterceptedException">
            <message>
              <![CDATA[element click intercepted: Element <button data-action="selectLink" class="btn btn-default btn-icon" type="button" title="Select">...</button> is not clickable at point (1318, 282). Other element would receive the click: <td class="cell" data-name="emailAddress" style="width: 30%;" data-view-cid="view855">...</td>
  (Session info: chrome=135.0.7049.96)
Build info: version: '4.31.0', revision: '1ef9f18787*'
System info: os.name: 'Windows 10', os.arch: 'amd64', os.version: '10.0', java.version: '23.0.1'
Driver info: org.openqa.selenium.chrome.ChromeDriver
Command: [e5aa8d8bbfbb13555d843736f0fd63b3, clickElement {id=f.7D68DEDA8589AB8ED21D60DCD3F544DE.d.23545675855A2E45B911AE525F9B0C67.e.235}]
Capabilities {acceptInsecureCerts: false, browserName: chrome, browserVersion: 135.0.7049.96, chrome: {chromedriverVersion: 135.0.7049.95 (de2eb485a195..., userDataDir: C:\Users\xmedia\AppData\Loc...}, fedcm:accounts: true, goog:chromeOptions: {debuggerAddress: localhost:65405}, networkConnectionEnabled: false, pageLoadStrategy: normal, platformName: windows, proxy: Proxy(), se:cdp: ws://localhost:65405/devtoo..., se:cdpVersion: 135.0.7049.96, setWindowRect: true, strictFileInteractability: false, timeouts: {implicit: 0, pageLoad: 300000, script: 30000}, unhandledPromptBehavior: dismiss and notify, webauthn:extension:credBlob: true, webauthn:extension:largeBlob: true, webauthn:extension:minPinLength: true, webauthn:extension:prf: true, webauthn:virtualAuthenticators: true}
Element: [[ChromeDriver: chrome on windows (e5aa8d8bbfbb13555d843736f0fd63b3)] -> xpath: //div[@data-name='teams']//button[@data-action='selectLink']]
Session ID: e5aa8d8bbfbb13555d843736f0fd63b3]]>
            </message>
            <full-stacktrace>
              <![CDATA[org.openqa.selenium.ElementClickInterceptedException: element click intercepted: Element <button data-action="selectLink" class="btn btn-default btn-icon" type="button" title="Select">...</button> is not clickable at point (1318, 282). Other element would receive the click: <td class="cell" data-name="emailAddress" style="width: 30%;" data-view-cid="view855">...</td>
  (Session info: chrome=135.0.7049.96)
Build info: version: '4.31.0', revision: '1ef9f18787*'
System info: os.name: 'Windows 10', os.arch: 'amd64', os.version: '10.0', java.version: '23.0.1'
Driver info: org.openqa.selenium.chrome.ChromeDriver
Command: [e5aa8d8bbfbb13555d843736f0fd63b3, clickElement {id=f.7D68DEDA8589AB8ED21D60DCD3F544DE.d.23545675855A2E45B911AE525F9B0C67.e.235}]
Capabilities {acceptInsecureCerts: false, browserName: chrome, browserVersion: 135.0.7049.96, chrome: {chromedriverVersion: 135.0.7049.95 (de2eb485a195..., userDataDir: C:\Users\xmedia\AppData\Loc...}, fedcm:accounts: true, goog:chromeOptions: {debuggerAddress: localhost:65405}, networkConnectionEnabled: false, pageLoadStrategy: normal, platformName: windows, proxy: Proxy(), se:cdp: ws://localhost:65405/devtoo..., se:cdpVersion: 135.0.7049.96, setWindowRect: true, strictFileInteractability: false, timeouts: {implicit: 0, pageLoad: 300000, script: 30000}, unhandledPromptBehavior: dismiss and notify, webauthn:extension:credBlob: true, webauthn:extension:largeBlob: true, webauthn:extension:minPinLength: true, webauthn:extension:prf: true, webauthn:virtualAuthenticators: true}
Element: [[ChromeDriver: chrome on windows (e5aa8d8bbfbb13555d843736f0fd63b3)] -> xpath: //div[@data-name='teams']//button[@data-action='selectLink']]
Session ID: e5aa8d8bbfbb13555d843736f0fd63b3
at java.base/jdk.internal.reflect.DirectConstructorHandleAccessor.newInstance(DirectConstructorHandleAccessor.java:62)
at java.base/java.lang.reflect.Constructor.newInstanceWithCaller(Constructor.java:501)
at java.base/java.lang.reflect.Constructor.newInstance(Constructor.java:485)
at org.openqa.selenium.remote.ErrorCodec.decode(ErrorCodec.java:167)
at org.openqa.selenium.remote.codec.w3c.W3CHttpResponseCodec.decode(W3CHttpResponseCodec.java:138)
at org.openqa.selenium.remote.codec.w3c.W3CHttpResponseCodec.decode(W3CHttpResponseCodec.java:50)
at org.openqa.selenium.remote.HttpCommandExecutor.execute(HttpCommandExecutor.java:215)
at org.openqa.selenium.remote.service.DriverCommandExecutor.invokeExecute(DriverCommandExecutor.java:216)
at org.openqa.selenium.remote.service.DriverCommandExecutor.execute(DriverCommandExecutor.java:174)
at org.openqa.selenium.remote.RemoteWebDriver.execute(RemoteWebDriver.java:545)
at org.openqa.selenium.remote.RemoteWebElement.execute(RemoteWebElement.java:223)
at org.openqa.selenium.remote.RemoteWebElement.click(RemoteWebElement.java:76)
at pageObjectClass.OpportunitiesPageLocators.clickTeamsSelectButton(OpportunitiesPageLocators.java:271)
at testBase.OpportunitiesPageTest.testClickTeamsSelectButton(OpportunitiesPageTest.java:184)
at java.base/jdk.internal.reflect.DirectMethodHandleAccessor.invoke(DirectMethodHandleAccessor.java:103)
at java.base/java.lang.reflect.Method.invoke(Method.java:580)
at org.testng.internal.invokers.MethodInvocationHelper.invokeMethod(MethodInvocationHelper.java:141)
at org.testng.internal.invokers.TestInvoker.invokeMethod(TestInvoker.java:687)
at org.testng.internal.invokers.TestInvoker.invokeTestMethod(TestInvoker.java:230)
at org.testng.internal.invokers.MethodRunner.runInSequence(MethodRunner.java:63)
at org.testng.internal.invokers.TestInvoker$MethodInvocationAgent.invoke(TestInvoker.java:995)
at org.testng.internal.invokers.TestInvoker.invokeTestMethods(TestInvoker.java:203)
at org.testng.internal.invokers.TestMethodWorker.invokeTestMethods(TestMethodWorker.java:154)
at org.testng.internal.invokers.TestMethodWorker.run(TestMethodWorker.java:134)
at java.base/java.util.ArrayList.forEach(ArrayList.java:1597)
at org.testng.TestRunner.privateRun(TestRunner.java:741)
at org.testng.TestRunner.run(TestRunner.java:616)
at org.testng.SuiteRunner.runTest(SuiteRunner.java:421)
at org.testng.SuiteRunner.runSequentially(SuiteRunner.java:413)
at org.testng.SuiteRunner.privateRun(SuiteRunner.java:373)
at org.testng.SuiteRunner.run(SuiteRunner.java:312)
at org.testng.SuiteRunnerWorker.runSuite(SuiteRunnerWorker.java:52)
at org.testng.SuiteRunnerWorker.run(SuiteRunnerWorker.java:95)
at org.testng.TestNG.runSuitesSequentially(TestNG.java:1274)
at org.testng.TestNG.runSuitesLocally(TestNG.java:1208)
at org.testng.TestNG.runSuites(TestNG.java:1112)
at org.testng.TestNG.run(TestNG.java:1079)
at org.testng.remote.AbstractRemoteTestNG.run(AbstractRemoteTestNG.java:115)
at org.testng.remote.RemoteTestNG.initAndRun(RemoteTestNG.java:293)
at org.testng.remote.RemoteTestNG.main(RemoteTestNG.java:91)
]]>
            </full-stacktrace>
          </exception> <!-- org.openqa.selenium.ElementClickInterceptedException -->
          <reporter-output>
          </reporter-output>
        </test-method> <!-- testClickTeamsSelectButton -->
        <test-method signature="testClickSaveButton()[pri:27, instance:testBase.OpportunitiesPageTest@6892b3b6]" started-at="2025-04-22T15:57:42 IST" name="testClickSaveButton" finished-at="2025-04-22T15:57:43 IST" duration-ms="1048" status="PASS">
          <reporter-output>
          </reporter-output>
        </test-method> <!-- testClickSaveButton -->
        <test-method signature="testClickCancelButton()[pri:28, instance:testBase.OpportunitiesPageTest@6892b3b6]" started-at="2025-04-22T15:57:43 IST" name="testClickCancelButton" finished-at="2025-04-22T15:57:44 IST" duration-ms="759" status="PASS">
          <reporter-output>
          </reporter-output>
        </test-method> <!-- testClickCancelButton -->
        <test-method signature="testClickSaveAndContinueEditing()[pri:29, instance:testBase.OpportunitiesPageTest@6892b3b6]" started-at="2025-04-22T15:57:44 IST" name="testClickSaveAndContinueEditing" finished-at="2025-04-22T15:57:59 IST" duration-ms="15074" status="FAIL">
          <exception class="org.openqa.selenium.NoSuchElementException">
            <message>
              <![CDATA[no such element: Unable to locate element: {"method":"css selector","selector":"a[data-action='saveAndContinueEditing']"}
  (Session info: chrome=135.0.7049.96)
For documentation on this error, please visit: https://www.selenium.dev/documentation/webdriver/troubleshooting/errors#no-such-element-exception
Build info: version: '4.31.0', revision: '1ef9f18787*'
System info: os.name: 'Windows 10', os.arch: 'amd64', os.version: '10.0', java.version: '23.0.1'
Driver info: org.openqa.selenium.chrome.ChromeDriver
Command: [e5aa8d8bbfbb13555d843736f0fd63b3, findElement {using=css selector, value=a[data-action='saveAndContinueEditing']}]
Capabilities {acceptInsecureCerts: false, browserName: chrome, browserVersion: 135.0.7049.96, chrome: {chromedriverVersion: 135.0.7049.95 (de2eb485a195..., userDataDir: C:\Users\xmedia\AppData\Loc...}, fedcm:accounts: true, goog:chromeOptions: {debuggerAddress: localhost:65405}, networkConnectionEnabled: false, pageLoadStrategy: normal, platformName: windows, proxy: Proxy(), se:cdp: ws://localhost:65405/devtoo..., se:cdpVersion: 135.0.7049.96, setWindowRect: true, strictFileInteractability: false, timeouts: {implicit: 0, pageLoad: 300000, script: 30000}, unhandledPromptBehavior: dismiss and notify, webauthn:extension:credBlob: true, webauthn:extension:largeBlob: true, webauthn:extension:minPinLength: true, webauthn:extension:prf: true, webauthn:virtualAuthenticators: true}
Session ID: e5aa8d8bbfbb13555d843736f0fd63b3]]>
            </message>
            <full-stacktrace>
              <![CDATA[org.openqa.selenium.NoSuchElementException: no such element: Unable to locate element: {"method":"css selector","selector":"a[data-action='saveAndContinueEditing']"}
  (Session info: chrome=135.0.7049.96)
For documentation on this error, please visit: https://www.selenium.dev/documentation/webdriver/troubleshooting/errors#no-such-element-exception
Build info: version: '4.31.0', revision: '1ef9f18787*'
System info: os.name: 'Windows 10', os.arch: 'amd64', os.version: '10.0', java.version: '23.0.1'
Driver info: org.openqa.selenium.chrome.ChromeDriver
Command: [e5aa8d8bbfbb13555d843736f0fd63b3, findElement {using=css selector, value=a[data-action='saveAndContinueEditing']}]
Capabilities {acceptInsecureCerts: false, browserName: chrome, browserVersion: 135.0.7049.96, chrome: {chromedriverVersion: 135.0.7049.95 (de2eb485a195..., userDataDir: C:\Users\xmedia\AppData\Loc...}, fedcm:accounts: true, goog:chromeOptions: {debuggerAddress: localhost:65405}, networkConnectionEnabled: false, pageLoadStrategy: normal, platformName: windows, proxy: Proxy(), se:cdp: ws://localhost:65405/devtoo..., se:cdpVersion: 135.0.7049.96, setWindowRect: true, strictFileInteractability: false, timeouts: {implicit: 0, pageLoad: 300000, script: 30000}, unhandledPromptBehavior: dismiss and notify, webauthn:extension:credBlob: true, webauthn:extension:largeBlob: true, webauthn:extension:minPinLength: true, webauthn:extension:prf: true, webauthn:virtualAuthenticators: true}
Session ID: e5aa8d8bbfbb13555d843736f0fd63b3
at java.base/jdk.internal.reflect.DirectConstructorHandleAccessor.newInstance(DirectConstructorHandleAccessor.java:62)
at java.base/java.lang.reflect.Constructor.newInstanceWithCaller(Constructor.java:501)
at java.base/java.lang.reflect.Constructor.newInstance(Constructor.java:485)
at org.openqa.selenium.remote.ErrorCodec.decode(ErrorCodec.java:167)
at org.openqa.selenium.remote.codec.w3c.W3CHttpResponseCodec.decode(W3CHttpResponseCodec.java:138)
at org.openqa.selenium.remote.codec.w3c.W3CHttpResponseCodec.decode(W3CHttpResponseCodec.java:50)
at org.openqa.selenium.remote.HttpCommandExecutor.execute(HttpCommandExecutor.java:215)
at org.openqa.selenium.remote.service.DriverCommandExecutor.invokeExecute(DriverCommandExecutor.java:216)
at org.openqa.selenium.remote.service.DriverCommandExecutor.execute(DriverCommandExecutor.java:174)
at org.openqa.selenium.remote.RemoteWebDriver.execute(RemoteWebDriver.java:545)
at org.openqa.selenium.remote.ElementLocation$ElementFinder$2.findElement(ElementLocation.java:165)
at org.openqa.selenium.remote.ElementLocation.findElement(ElementLocation.java:59)
at org.openqa.selenium.remote.RemoteWebDriver.findElement(RemoteWebDriver.java:368)
at org.openqa.selenium.remote.RemoteWebDriver.findElement(RemoteWebDriver.java:362)
at pageObjectClass.OpportunitiesPageLocators.clickSaveAndContinueEditing(OpportunitiesPageLocators.java:289)
at testBase.OpportunitiesPageTest.testClickSaveAndContinueEditing(OpportunitiesPageTest.java:202)
at java.base/jdk.internal.reflect.DirectMethodHandleAccessor.invoke(DirectMethodHandleAccessor.java:103)
at java.base/java.lang.reflect.Method.invoke(Method.java:580)
at org.testng.internal.invokers.MethodInvocationHelper.invokeMethod(MethodInvocationHelper.java:141)
at org.testng.internal.invokers.TestInvoker.invokeMethod(TestInvoker.java:687)
at org.testng.internal.invokers.TestInvoker.invokeTestMethod(TestInvoker.java:230)
at org.testng.internal.invokers.MethodRunner.runInSequence(MethodRunner.java:63)
at org.testng.internal.invokers.TestInvoker$MethodInvocationAgent.invoke(TestInvoker.java:995)
at org.testng.internal.invokers.TestInvoker.invokeTestMethods(TestInvoker.java:203)
at org.testng.internal.invokers.TestMethodWorker.invokeTestMethods(TestMethodWorker.java:154)
at org.testng.internal.invokers.TestMethodWorker.run(TestMethodWorker.java:134)
at java.base/java.util.ArrayList.forEach(ArrayList.java:1597)
at org.testng.TestRunner.privateRun(TestRunner.java:741)
at org.testng.TestRunner.run(TestRunner.java:616)
at org.testng.SuiteRunner.runTest(SuiteRunner.java:421)
at org.testng.SuiteRunner.runSequentially(SuiteRunner.java:413)
at org.testng.SuiteRunner.privateRun(SuiteRunner.java:373)
at org.testng.SuiteRunner.run(SuiteRunner.java:312)
at org.testng.SuiteRunnerWorker.runSuite(SuiteRunnerWorker.java:52)
at org.testng.SuiteRunnerWorker.run(SuiteRunnerWorker.java:95)
at org.testng.TestNG.runSuitesSequentially(TestNG.java:1274)
at org.testng.TestNG.runSuitesLocally(TestNG.java:1208)
at org.testng.TestNG.runSuites(TestNG.java:1112)
at org.testng.TestNG.run(TestNG.java:1079)
at org.testng.remote.AbstractRemoteTestNG.run(AbstractRemoteTestNG.java:115)
at org.testng.remote.RemoteTestNG.initAndRun(RemoteTestNG.java:293)
at org.testng.remote.RemoteTestNG.main(RemoteTestNG.java:91)
]]>
            </full-stacktrace>
          </exception> <!-- org.openqa.selenium.NoSuchElementException -->
          <reporter-output>
          </reporter-output>
        </test-method> <!-- testClickSaveAndContinueEditing -->
        <test-method signature="testClickSaveAndNew()[pri:30, instance:testBase.OpportunitiesPageTest@6892b3b6]" started-at="2025-04-22T15:57:59 IST" name="testClickSaveAndNew" finished-at="2025-04-22T15:58:15 IST" duration-ms="15045" status="FAIL">
          <exception class="org.openqa.selenium.NoSuchElementException">
            <message>
              <![CDATA[no such element: Unable to locate element: {"method":"css selector","selector":"a[data-action='saveAndNew']"}
  (Session info: chrome=135.0.7049.96)
For documentation on this error, please visit: https://www.selenium.dev/documentation/webdriver/troubleshooting/errors#no-such-element-exception
Build info: version: '4.31.0', revision: '1ef9f18787*'
System info: os.name: 'Windows 10', os.arch: 'amd64', os.version: '10.0', java.version: '23.0.1'
Driver info: org.openqa.selenium.chrome.ChromeDriver
Command: [e5aa8d8bbfbb13555d843736f0fd63b3, findElement {using=css selector, value=a[data-action='saveAndNew']}]
Capabilities {acceptInsecureCerts: false, browserName: chrome, browserVersion: 135.0.7049.96, chrome: {chromedriverVersion: 135.0.7049.95 (de2eb485a195..., userDataDir: C:\Users\xmedia\AppData\Loc...}, fedcm:accounts: true, goog:chromeOptions: {debuggerAddress: localhost:65405}, networkConnectionEnabled: false, pageLoadStrategy: normal, platformName: windows, proxy: Proxy(), se:cdp: ws://localhost:65405/devtoo..., se:cdpVersion: 135.0.7049.96, setWindowRect: true, strictFileInteractability: false, timeouts: {implicit: 0, pageLoad: 300000, script: 30000}, unhandledPromptBehavior: dismiss and notify, webauthn:extension:credBlob: true, webauthn:extension:largeBlob: true, webauthn:extension:minPinLength: true, webauthn:extension:prf: true, webauthn:virtualAuthenticators: true}
Session ID: e5aa8d8bbfbb13555d843736f0fd63b3]]>
            </message>
            <full-stacktrace>
              <![CDATA[org.openqa.selenium.NoSuchElementException: no such element: Unable to locate element: {"method":"css selector","selector":"a[data-action='saveAndNew']"}
  (Session info: chrome=135.0.7049.96)
For documentation on this error, please visit: https://www.selenium.dev/documentation/webdriver/troubleshooting/errors#no-such-element-exception
Build info: version: '4.31.0', revision: '1ef9f18787*'
System info: os.name: 'Windows 10', os.arch: 'amd64', os.version: '10.0', java.version: '23.0.1'
Driver info: org.openqa.selenium.chrome.ChromeDriver
Command: [e5aa8d8bbfbb13555d843736f0fd63b3, findElement {using=css selector, value=a[data-action='saveAndNew']}]
Capabilities {acceptInsecureCerts: false, browserName: chrome, browserVersion: 135.0.7049.96, chrome: {chromedriverVersion: 135.0.7049.95 (de2eb485a195..., userDataDir: C:\Users\xmedia\AppData\Loc...}, fedcm:accounts: true, goog:chromeOptions: {debuggerAddress: localhost:65405}, networkConnectionEnabled: false, pageLoadStrategy: normal, platformName: windows, proxy: Proxy(), se:cdp: ws://localhost:65405/devtoo..., se:cdpVersion: 135.0.7049.96, setWindowRect: true, strictFileInteractability: false, timeouts: {implicit: 0, pageLoad: 300000, script: 30000}, unhandledPromptBehavior: dismiss and notify, webauthn:extension:credBlob: true, webauthn:extension:largeBlob: true, webauthn:extension:minPinLength: true, webauthn:extension:prf: true, webauthn:virtualAuthenticators: true}
Session ID: e5aa8d8bbfbb13555d843736f0fd63b3
at java.base/jdk.internal.reflect.DirectConstructorHandleAccessor.newInstance(DirectConstructorHandleAccessor.java:62)
at java.base/java.lang.reflect.Constructor.newInstanceWithCaller(Constructor.java:501)
at java.base/java.lang.reflect.Constructor.newInstance(Constructor.java:485)
at org.openqa.selenium.remote.ErrorCodec.decode(ErrorCodec.java:167)
at org.openqa.selenium.remote.codec.w3c.W3CHttpResponseCodec.decode(W3CHttpResponseCodec.java:138)
at org.openqa.selenium.remote.codec.w3c.W3CHttpResponseCodec.decode(W3CHttpResponseCodec.java:50)
at org.openqa.selenium.remote.HttpCommandExecutor.execute(HttpCommandExecutor.java:215)
at org.openqa.selenium.remote.service.DriverCommandExecutor.invokeExecute(DriverCommandExecutor.java:216)
at org.openqa.selenium.remote.service.DriverCommandExecutor.execute(DriverCommandExecutor.java:174)
at org.openqa.selenium.remote.RemoteWebDriver.execute(RemoteWebDriver.java:545)
at org.openqa.selenium.remote.ElementLocation$ElementFinder$2.findElement(ElementLocation.java:165)
at org.openqa.selenium.remote.ElementLocation.findElement(ElementLocation.java:59)
at org.openqa.selenium.remote.RemoteWebDriver.findElement(RemoteWebDriver.java:368)
at org.openqa.selenium.remote.RemoteWebDriver.findElement(RemoteWebDriver.java:362)
at pageObjectClass.OpportunitiesPageLocators.clickSaveAndNew(OpportunitiesPageLocators.java:295)
at testBase.OpportunitiesPageTest.testClickSaveAndNew(OpportunitiesPageTest.java:208)
at java.base/jdk.internal.reflect.DirectMethodHandleAccessor.invoke(DirectMethodHandleAccessor.java:103)
at java.base/java.lang.reflect.Method.invoke(Method.java:580)
at org.testng.internal.invokers.MethodInvocationHelper.invokeMethod(MethodInvocationHelper.java:141)
at org.testng.internal.invokers.TestInvoker.invokeMethod(TestInvoker.java:687)
at org.testng.internal.invokers.TestInvoker.invokeTestMethod(TestInvoker.java:230)
at org.testng.internal.invokers.MethodRunner.runInSequence(MethodRunner.java:63)
at org.testng.internal.invokers.TestInvoker$MethodInvocationAgent.invoke(TestInvoker.java:995)
at org.testng.internal.invokers.TestInvoker.invokeTestMethods(TestInvoker.java:203)
at org.testng.internal.invokers.TestMethodWorker.invokeTestMethods(TestMethodWorker.java:154)
at org.testng.internal.invokers.TestMethodWorker.run(TestMethodWorker.java:134)
at java.base/java.util.ArrayList.forEach(ArrayList.java:1597)
at org.testng.TestRunner.privateRun(TestRunner.java:741)
at org.testng.TestRunner.run(TestRunner.java:616)
at org.testng.SuiteRunner.runTest(SuiteRunner.java:421)
at org.testng.SuiteRunner.runSequentially(SuiteRunner.java:413)
at org.testng.SuiteRunner.privateRun(SuiteRunner.java:373)
at org.testng.SuiteRunner.run(SuiteRunner.java:312)
at org.testng.SuiteRunnerWorker.runSuite(SuiteRunnerWorker.java:52)
at org.testng.SuiteRunnerWorker.run(SuiteRunnerWorker.java:95)
at org.testng.TestNG.runSuitesSequentially(TestNG.java:1274)
at org.testng.TestNG.runSuitesLocally(TestNG.java:1208)
at org.testng.TestNG.runSuites(TestNG.java:1112)
at org.testng.TestNG.run(TestNG.java:1079)
at org.testng.remote.AbstractRemoteTestNG.run(AbstractRemoteTestNG.java:115)
at org.testng.remote.RemoteTestNG.initAndRun(RemoteTestNG.java:293)
at org.testng.remote.RemoteTestNG.main(RemoteTestNG.java:91)
]]>
            </full-stacktrace>
          </exception> <!-- org.openqa.selenium.NoSuchElementException -->
          <reporter-output>
          </reporter-output>
        </test-method> <!-- testClickSaveAndNew -->
      </class> <!-- testBase.OpportunitiesPageTest -->
      <class name="testBase.LoginPageTest">
        <test-method is-config="true" signature="setUpTheBrowser()[pri:0, instance:testBase.LoginPageTest@f78a47e]" started-at="2025-04-22T15:55:50 IST" name="setUpTheBrowser" finished-at="2025-04-22T15:56:01 IST" duration-ms="10954" status="PASS">
          <reporter-output>
          </reporter-output>
        </test-method> <!-- setUpTheBrowser -->
        <test-method signature="loginTheEspoCRM()[pri:0, instance:testBase.LoginPageTest@f78a47e]" started-at="2025-04-22T15:56:01 IST" name="loginTheEspoCRM" finished-at="2025-04-22T15:56:07 IST" duration-ms="6520" status="PASS">
          <reporter-output>
          </reporter-output>
        </test-method> <!-- loginTheEspoCRM -->
        <test-method is-config="true" signature="teardown()[pri:0, instance:testBase.LoginPageTest@f78a47e]" started-at="2025-04-22T15:58:15 IST" name="teardown" finished-at="2025-04-22T15:58:15 IST" duration-ms="2" status="PASS">
          <reporter-output>
          </reporter-output>
        </test-method> <!-- teardown -->
      </class> <!-- testBase.LoginPageTest -->
    </test> <!-- Test -->
  </suite> <!-- Suite -->
</testng-results>
